<?xml version="1.0" encoding="UTF-8"?>
<testng-results ignored="0" total="4" passed="4" failed="0" skipped="0">
  <reporter-output>
  </reporter-output>
  <suite started-at="2021-07-16T18:35:52 IST" name="Default suite" finished-at="2021-07-16T18:36:32 IST" duration-ms="39566">
    <groups>
    </groups>
    <test started-at="2021-07-16T18:35:52 IST" name="Default test" finished-at="2021-07-16T18:36:32 IST" duration-ms="39566">
      <class name="miniproject.Implementation">
        <test-method is-config="true" signature="createDriver()[pri:0, instance:miniproject.Implementation@45e37a7e]" started-at="2021-07-16T18:35:52 IST" name="createDriver" finished-at="2021-07-16T18:36:02 IST" duration-ms="9980" status="PASS">
          <reporter-output>
          </reporter-output>
        </test-method> <!-- createDriver -->
        <test-method signature="clickCreateAccount()[pri:0, instance:miniproject.Implementation@45e37a7e]" started-at="2021-07-16T18:36:02 IST" name="clickCreateAccount" finished-at="2021-07-16T18:36:05 IST" duration-ms="2361" status="PASS">
          <reporter-output>
          </reporter-output>
        </test-method> <!-- clickCreateAccount -->
        <test-method signature="setDetails()[pri:0, instance:miniproject.Implementation@45e37a7e]" started-at="2021-07-16T18:36:05 IST" name="setDetails" finished-at="2021-07-16T18:36:19 IST" depends-on-methods="miniproject.Implementation.clickCreateAccount" duration-ms="14412" status="PASS">
          <reporter-output>
          </reporter-output>
        </test-method> <!-- setDetails -->
        <test-method signature="selectDoB()[pri:0, instance:miniproject.Implementation@45e37a7e]" started-at="2021-07-16T18:36:19 IST" name="selectDoB" finished-at="2021-07-16T18:36:29 IST" depends-on-methods="miniproject.Implementation.setDetails" duration-ms="10256" status="PASS">
          <reporter-output>
          </reporter-output>
        </test-method> <!-- selectDoB -->
        <test-method signature="selectGender()[pri:0, instance:miniproject.Implementation@45e37a7e]" started-at="2021-07-16T18:36:29 IST" name="selectGender" finished-at="2021-07-16T18:36:32 IST" depends-on-methods="miniproject.Implementation.selectDoB" duration-ms="2301" status="PASS">
          <reporter-output>
          </reporter-output>
        </test-method> <!-- selectGender -->
        <test-method is-config="true" signature="closeBrowser()[pri:0, instance:miniproject.Implementation@45e37a7e]" started-at="2021-07-16T18:36:32 IST" name="closeBrowser" finished-at="2021-07-16T18:36:32 IST" duration-ms="157" status="PASS">
          <reporter-output>
          </reporter-output>
        </test-method> <!-- closeBrowser -->
      </class> <!-- miniproject.Implementation -->
    </test> <!-- Default test -->
  </suite> <!-- Default suite -->
</testng-results>
