<?xml version="1.0" encoding="UTF-8"?>
<!-- Generated by org.testng.reporters.JUnitXMLReporter -->
<testsuite ignored="0" hostname="DESKTOP-MIA0C65" failures="0" tests="4" name="Default test" time="39.566" errors="0" timestamp="2021-07-16T18:36:32 IST">
  <testcase classname="miniproject.Implementation" name="clickCreateAccount" time="2.361"/>
  <testcase classname="miniproject.Implementation" name="setDetails" time="14.412"/>
  <testcase classname="miniproject.Implementation" name="selectDoB" time="10.256"/>
  <testcase classname="miniproject.Implementation" name="selectGender" time="2.301"/>
</testsuite> <!-- Default test -->
